<?xml version="1.0" encoding="UTF-8"?>
<testng-results skipped="0" failed="0" total="1" passed="1">
  <reporter-output>
  </reporter-output>
  <suite name="Default suite" duration-ms="16727" started-at="2019-10-15T18:15:58Z" finished-at="2019-10-15T18:16:14Z">
    <groups>
    </groups>
    <test name="Default test" duration-ms="16727" started-at="2019-10-15T18:15:58Z" finished-at="2019-10-15T18:16:14Z">
      <class name="com.FreeCRM.Testcases.LoginTest">
        <test-method status="PASS" signature="loginApp()[pri:0, instance:com.FreeCRM.Testcases.LoginTest@3834d63f]" name="loginApp" duration-ms="16667" started-at="2019-10-15T23:45:58Z" finished-at="2019-10-15T23:46:14Z">
          <reporter-output>
          </reporter-output>
        </test-method> <!-- loginApp -->
      </class> <!-- com.FreeCRM.Testcases.LoginTest -->
    </test> <!-- Default test -->
  </suite> <!-- Default suite -->
</testng-results>
